autoscan-2.59: warning: missing AC_CHECK_FUNCS([getcwd]) wanted by: 
	src/inode.c:666
autoscan-2.59: warning: missing AC_CHECK_FUNCS([gettimeofday]) wanted by: 
	src/core.c:240
	src/core.c:318
autoscan-2.59: warning: missing AC_CHECK_FUNCS([lchown]) wanted by: 
	src/inode.c:599
	src/inode.c:626
	src/inode.c:692
autoscan-2.59: warning: missing AC_CHECK_FUNCS([memmove]) wanted by: 
	src/core.c:341
autoscan-2.59: warning: missing AC_CHECK_FUNCS([memset]) wanted by: 
	src/inode.c:371
	src/inode.c:483
autoscan-2.59: warning: missing AC_CHECK_FUNCS([mkdir]) wanted by: 
	src/core.c:672
	src/directory.c:886
	src/directory.c:948
	src/inode.c:727
autoscan-2.59: warning: missing AC_CHECK_FUNCS([realpath]) wanted by: 
	src/lib.c:78
autoscan-2.59: warning: missing AC_CHECK_FUNCS([socket]) wanted by: 
	src/inode.c:656
autoscan-2.59: warning: missing AC_CHECK_FUNCS([strchr]) wanted by: 
	src/lib.c:94
autoscan-2.59: warning: missing AC_CHECK_FUNCS([strdup]) wanted by: 
	src/core.c:164
	src/core.c:444
	src/core.c:578
	src/core.c:679
	src/core.c:730
	src/directory.c:217
	src/directory.c:240
	src/directory.c:296
	src/inode.c:674
	src/inode.c:675
	src/inode.c:677
autoscan-2.59: warning: missing AC_CHECK_FUNCS([strerror]) wanted by: 
	src/block.c:147
	src/block.c:154
	src/block.c:159
	src/core.c:159
	src/core.c:222
	src/core.c:230
	src/core.c:268
	src/core.c:317
	src/core.c:328
	src/core.c:356
	src/core.c:367
	src/core.c:440
	src/core.c:487
	src/core.c:524
	src/core.c:528
	src/core.c:531
	src/core.c:546
	src/core.c:552
	src/core.c:555
	src/core.c:564
	src/core.c:576
	src/core.c:605
	src/core.c:608
	src/core.c:611
	src/core.c:673
	src/core.c:690
	src/core.c:693
	src/core.c:696
	src/core.c:708
	src/core.c:797
	src/core.c:803
	src/core.c:811
	src/core.c:816
	src/directory.c:108
	src/directory.c:127
	src/directory.c:167
	src/directory.c:177
	src/directory.c:214
	src/directory.c:227
	src/directory.c:237
	src/directory.c:249
	src/directory.c:487
	src/directory.c:678
	src/directory.c:801
	src/directory.c:805
	src/directory.c:808
	src/directory.c:825
	src/directory.c:829
	src/directory.c:838
	src/inode.c:296
	src/inode.c:407
	src/inode.c:412
	src/inode.c:436
	src/inode.c:503
	src/inode.c:510
	src/inode.c:525
	src/inode.c:540
	src/inode.c:570
	src/inode.c:575
	src/inode.c:624
	src/inode.c:657
	src/inode.c:664
	src/inode.c:669
	src/inode.c:680
	src/inode.c:688
	src/inode.c:810
	src/lib.c:79
	src/superblock.c:174
	src/superblock.c:185
	src/superblock.c:211
	src/superblock.c:227
	src/superblock.c:233
	src/superblock.c:392
	src/superblock.c:416
	src/superblock.c:420
	src/superblock.c:423
	src/superblock.c:440
	src/superblock.c:444
	src/superblock.c:450
	src/superblock.c:453
	src/superblock.c:462
	src/superblock.c:618
	src/superblock.c:638
	src/superblock.c:642
	src/superblock.c:694
autoscan-2.59: warning: missing AC_CHECK_FUNCS([utime]) wanted by: 
	src/directory.c:872
	src/inode.c:466
	src/inode.c:602
	src/inode.c:629
	src/inode.c:695
autoscan-2.59: warning: missing AC_CHECK_HEADERS([fcntl.h]) wanted by: 
	src/core.c:30
	src/directory.c:28
	src/inode.c:30
	src/superblock.c:28
	utils/read_test.c:6
autoscan-2.59: warning: missing AC_CHECK_HEADERS([stdint.h]) wanted by: 
	src/e2retrieve.h:30
autoscan-2.59: warning: missing AC_CHECK_HEADERS([stdlib.h]) wanted by: 
	src/backtrace.c:28
	src/block.c:23
	src/core.c:28
	src/directory.c:26
	src/inode.c:28
	src/lib.c:23
	src/main.c:22
	src/superblock.c:26
	utils/file_test.c:1
autoscan-2.59: warning: missing AC_CHECK_HEADERS([string.h]) wanted by: 
	src/block.c:26
	src/core.c:31
	src/directory.c:30
	src/inode.c:31
	src/lib.c:25
	src/superblock.c:29
autoscan-2.59: warning: missing AC_CHECK_HEADERS([sys/ioctl.h]) wanted by: 
	src/core.c:24
	utils/read_test.c:3
autoscan-2.59: warning: missing AC_CHECK_HEADERS([sys/mount.h]) wanted by: 
	src/core.c:42
autoscan-2.59: warning: missing AC_CHECK_HEADERS([sys/param.h]) wanted by: 
	src/backtrace.c:33
	src/core.c:25
	src/directory.c:24
	src/inode.c:23
	src/lib.c:22
	src/superblock.c:24
autoscan-2.59: warning: missing AC_CHECK_HEADERS([sys/socket.h]) wanted by: 
	src/inode.c:25
autoscan-2.59: warning: missing AC_CHECK_HEADERS([sys/time.h]) wanted by: 
	src/core.c:26
autoscan-2.59: warning: missing AC_CHECK_HEADERS([unistd.h]) wanted by: 
	src/backtrace.c:29
	src/block.c:24
	src/core.c:29
	src/directory.c:27
	src/inode.c:29
	src/superblock.c:27
	utils/read_test.c:4
autoscan-2.59: warning: missing AC_CHECK_HEADERS([utime.h]) wanted by: 
	src/directory.c:29
	src/inode.c:33
autoscan-2.59: warning: missing AC_CHECK_MEMBERS([struct stat.st_rdev]) wanted by: 
	src/core.c:717
autoscan-2.59: warning: missing AC_C_CONST wanted by: 
	src/core.c:616
	src/directory.c:118
	src/directory.c:120
	src/directory.c:209
	src/directory.c:232
	src/directory.c:383
	src/directory.c:446
	src/directory.c:446
	src/directory.c:447
	src/directory.c:447
	src/directory.c:448
	src/directory.c:448
	src/directory.c:451
	src/directory.c:451
	src/directory.c:457
	src/directory.c:457
	src/directory.c:624
	src/directory.c:654
	src/directory.c:655
	src/e2retrieve.h:53
	src/e2retrieve.h:68
	src/e2retrieve.h:120
	src/e2retrieve.h:146
	src/e2retrieve.h:177
	src/e2retrieve.h:181
	src/e2retrieve.h:185
	src/e2retrieve.h:228
	src/e2retrieve.h:232
	src/e2retrieve.h:232
	src/e2retrieve.h:233
	src/e2retrieve.h:234
	src/e2retrieve.h:235
	src/e2retrieve.h:257
	src/e2retrieve.h:258
	src/e2retrieve.h:260
	src/e2retrieve.h:260
	src/e2retrieve.h:261
	src/e2retrieve.h:262
	src/ge2r.c:40
	src/inode.c:283
	src/inode.c:332
	src/inode.c:388
	src/inode.c:388
	src/inode.c:421
	src/inode.c:421
	src/inode.c:429
	src/inode.c:547
	src/inode.c:607
	src/inode.c:635
	src/lib.c:28
	src/lib.c:60
	src/lib.c:61
	src/lib.c:74
	src/lib.c:74
	src/lib.c:84
	src/lib.c:100
	src/superblock.c:344
autoscan-2.59: warning: missing AC_C_INLINE wanted by: 
	src/ext2_fs.h:77
autoscan-2.59: warning: missing AC_FUNC_CHOWN wanted by: 
	src/directory.c:869
autoscan-2.59: warning: missing AC_FUNC_FORK wanted by: 
	utils/file_test.c:25
autoscan-2.59: warning: missing AC_FUNC_LSTAT wanted by: 
	src/core.c:666
autoscan-2.59: warning: missing AC_FUNC_LSTAT_FOLLOWS_SLASHED_SYMLINK wanted by: 
	src/core.c:666
autoscan-2.59: warning: missing AC_FUNC_MALLOC wanted by: 
	src/block.c:152
	src/core.c:551
	src/core.c:692
	src/directory.c:100
	src/directory.c:164
	src/directory.c:174
	src/directory.c:224
	src/directory.c:246
	src/directory.c:484
	src/directory.c:677
	src/inode.c:295
	src/inode.c:406
	src/inode.c:435
	src/inode.c:569
	src/inode.c:663
	src/inode.c:809
	src/superblock.c:173
	src/superblock.c:183
	src/superblock.c:442
	src/superblock.c:449
	src/superblock.c:616
	src/superblock.c:693
autoscan-2.59: warning: missing AC_FUNC_MEMCMP wanted by: 
	src/directory.c:415
	src/lib.c:66
	src/superblock.c:143
	src/superblock.c:151
	src/superblock.c:152
autoscan-2.59: warning: missing AC_FUNC_MKTIME wanted by: 
	src/core.c:209
autoscan-2.59: warning: missing AC_FUNC_REALLOC wanted by: 
	src/directory.c:104
	src/directory.c:162
	src/directory.c:172
	src/directory.c:222
	src/directory.c:244
	src/directory.c:482
	src/inode.c:411
	src/inode.c:574
	src/inode.c:668
	src/superblock.c:209
autoscan-2.59: warning: missing AC_FUNC_STAT wanted by: 
	src/core.c:689
autoscan-2.59: warning: missing AC_FUNC_UTIME_NULL wanted by: 
	src/directory.c:872
	src/inode.c:466
	src/inode.c:602
	src/inode.c:629
	src/inode.c:695
autoscan-2.59: warning: missing AC_FUNC_VPRINTF wanted by: 
	src/lib.c:105
autoscan-2.59: warning: missing AC_HEADER_STDC wanted by: 
	src/lib.c:24
	src/backtrace.c:28
	src/block.c:23
	src/core.c:28
	src/directory.c:26
	src/inode.c:28
	src/lib.c:23
	src/main.c:22
	src/superblock.c:26
	utils/file_test.c:1
	src/block.c:26
	src/core.c:31
	src/directory.c:30
	src/inode.c:31
	src/lib.c:25
	src/superblock.c:29
	src/directory.c:750
	src/directory.c:751
	src/inode.c:845
	src/inode.c:846
	src/inode.c:849
	src/inode.c:880
	src/inode.c:884
	src/inode.c:887
	src/inode.c:891
	src/core.c:341
	src/inode.c:371
	src/inode.c:483
autoscan-2.59: warning: missing AC_HEADER_TIME wanted by: 
	src/core.c:72
	src/core.c:235
autoscan-2.59: warning: missing AC_PREREQ wanted by: 
	autoscan-2.59
autoscan-2.59: warning: missing AC_PROG_CC wanted by: 
	src/backtrace.c
	src/backtrace.h
	src/block.c
	src/config.h
	src/core.c
	src/directory.c
	src/e2retrieve.h
	src/ext2_defs.h
	src/ge2r.c
	src/inode.c
	src/lib.c
	src/main.c
	src/superblock.c
	src/version.h
	src/ext2_fs.h
	utils/file_test.c
	utils/read_test.c
	Makefile:1
	Makefile:1
autoscan-2.59: warning: missing AC_PROG_GCC_TRADITIONAL wanted by: 
	src/core.c:707
	utils/read_test.c:33
	utils/read_test.c:38
autoscan-2.59: warning: missing AC_STRUCT_TM wanted by: 
	src/core.c:197
autoscan-2.59: warning: missing AC_TYPE_OFF_T wanted by: 
	src/block.c:44
	src/block.c:52
	src/block.c:54
	src/block.c:110
	src/block.c:114
	src/block.c:114
	src/block.c:115
	src/block.c:126
	src/block.c:131
	src/block.c:131
	src/core.c:68
	src/core.c:78
	src/core.c:303
	src/core.c:304
	src/core.c:305
	src/core.c:588
	src/core.c:610
	src/core.c:685
	src/core.c:710
	src/directory.c:93
	src/directory.c:317
	src/directory.c:386
	src/directory.c:396
	src/directory.c:400
	src/directory.c:400
	src/directory.c:510
	src/directory.c:560
	src/directory.c:560
	src/directory.c:721
	src/directory.c:721
	src/e2retrieve.h:100
	src/e2retrieve.h:101
	src/e2retrieve.h:102
	src/e2retrieve.h:103
	src/e2retrieve.h:149
	src/e2retrieve.h:165
	src/e2retrieve.h:180
	src/e2retrieve.h:230
	src/e2retrieve.h:250
	src/e2retrieve.h:261
	src/ge2r.c:50
	src/ge2r.c:50
	src/ge2r.c:52
	src/ge2r.c:52
	src/ge2r.c:52
	src/ge2r.c:56
	src/inode.c:96
	src/inode.c:96
	src/inode.c:126
	src/inode.c:126
	src/inode.c:126
	src/inode.c:141
	src/inode.c:151
	src/inode.c:151
	src/inode.c:151
	src/inode.c:251
	src/inode.c:258
	src/inode.c:258
	src/inode.c:258
	src/inode.c:334
	src/inode.c:338
	src/inode.c:375
	src/inode.c:375
	src/inode.c:375
	src/inode.c:428
	src/inode.c:470
	src/inode.c:471
	src/inode.c:486
	src/inode.c:486
	src/inode.c:582
	src/inode.c:582
	src/inode.c:763
	src/inode.c:773
	src/inode.c:774
	src/inode.c:814
	src/inode.c:814
	src/inode.c:834
	src/inode.c:834
	src/lib.c:28
	src/superblock.c:39
	src/superblock.c:166
	src/superblock.c:216
	src/superblock.c:217
	src/superblock.c:217
	src/superblock.c:347
	src/superblock.c:358
	src/superblock.c:375
	src/superblock.c:502
	src/superblock.c:514
	src/superblock.c:514
	src/superblock.c:515
	src/superblock.c:562
	src/superblock.c:623
	src/superblock.c:690
	src/superblock.c:698
	src/superblock.c:698
	utils/read_test.c:18
autoscan-2.59: warning: missing AC_TYPE_SIGNAL wanted by: 
	src/core.c:278
	src/core.c:279
	src/core.c:315
	src/core.c:488
	src/core.c:510
	src/core.c:795
	src/core.c:804
	src/core.c:809
	src/core.c:817
autoscan-2.59: warning: missing AC_TYPE_SIZE_T wanted by: 
	src/backtrace.c:44
	src/backtrace.c:45
	src/block.c:126
	src/block.c:161
	src/directory.c:314
	src/directory.c:378
	src/directory.c:379
	src/directory.c:751
	src/directory.c:833
	src/directory.c:931
	src/e2retrieve.h:130
	src/e2retrieve.h:250
	src/e2retrieve.h:257
	src/e2retrieve.h:258
	src/inode.c:85
	src/inode.c:394
	src/inode.c:427
	src/inode.c:579
	src/inode.c:799
	src/inode.c:845
	src/inode.c:846
	src/inode.c:849
	src/inode.c:891
	src/lib.c:60
	src/lib.c:61
	src/superblock.c:53
	src/superblock.c:145
